['wss://fstream.binance.com/stream?streams=tcusdt@forceOrder/ethusdt@forceOrder/bchusdt@forceOrder/xrpusdt@forceOrder/eosusdt@forceOrder/ltcusdt@forceOrder/trxusdt@forceOrder/etcusdt@forceOrder/linkusdt@forceOrder/xlmusdt@forceOrder/adausdt@forceOrder/xmrusdt@forceOrder/dashusdt@forceOrder/zecusdt@forceOrder/xtzusdt@forceOrder/bnbusdt@forceOrder/atomusdt@forceOrder/ontusdt@forceOrder/iotausdt@forceOrder/batusdt@forceOrder/vetusdt@forceOrder/neousdt@forceOrder/qtumusdt@forceOrder/iostusdt@forceOrder/thetausdt@forceOrder/algousdt@forceOrder/zilusdt@forceOrder/kncusdt@forceOrder/zrxusdt@forceOrder/compusdt@forceOrder/omgusdt@forceOrder/dogeusdt@forceOrder/sxpusdt@forceOrder/kavausdt@forceOrder/bandusdt@forceOrder/rlcusdt@forceOrder/wavesusdt@forceOrder/mkrusdt@forceOrder/snxusdt@forceOrder/dotusdt@forceOrder/defiusdt@forceOrder/yfiusdt@forceOrder/balusdt@forceOrder/crvusdt@forceOrder/trbusdt@forceOrder/runeusdt@forceOrder/sushiusdt@forceOrder/srmusdt@forceOrder/egldusdt@forceOrder/solusdt@forceOrder/icxusdt@forceOrder/storjusdt@forceOrder/blzusdt@forceOrder/uniusdt@forceOrder/avaxusdt@forceOrder/ftmusdt@forceOrder/hntusdt@forceOrder/enjusdt@forceOrder/flmusdt@forceOrder/tomousdt@forceOrder/renusdt@forceOrder/ksmusdt@forceOrder/nearusdt@forceOrder/aaveusdt@forceOrder/filusdt@forceOrder/rsrusdt@forceOrder/lrcusdt@forceOrder/maticusdt@forceOrder/oceanusdt@forceOrder/cvcusdt@forceOrder/belusdt@forceOrder/ctkusdt@forceOrder/axsusdt@forceOrder/alphausdt@forceOrder/zenusdt@forceOrder/sklusdt@forceOrder/grtusdt@forceOrder/1inchusdt@forceOrder/btcbusd@forceOrder/chzusdt@forceOrder/sandusdt@forceOrder/ankrusdt@forceOrder/btsusdt@forceOrder/litusdt@forceOrder/unfiusdt@forceOrder/reefusdt@forceOrder/rvnusdt@forceOrder/sfpusdt@forceOrder/xemusdt@forceOrder/btcstusdt@forceOrder/cotiusdt@forceOrder/chrusdt@forceOrder/manausdt@forceOrder/aliceusdt@forceOrder/hbarusdt@forceOrder/oneusdt@forceOrder/linausdt@forceOrder/stmxusdt@forceOrder/dentusdt@forceOrder/celrusdt@forceOrder/hotusdt@forceOrder/mtlusdt@forceOrder/ognusdt@forceOrder/nknusdt@forceOrder/scusdt@forceOrder/dgbusdt@forceOrder/1000shibusdt@forceOrder/bakeusdt@forceOrder/gtcusdt@forceOrder/ethbusd@forceOrder/btcdomusdt@forceOrder/bnbbusd@forceOrder/adabusd@forceOrder/xrpbusd@forceOrder/iotxusdt@forceOrder/dogebusd@forceOrder/audiousdt@forceOrder/rayusdt@forceOrder/c98usdt@forceOrder/maskusdt@forceOrder/atausdt@forceOrder/solbusd@forceOrder/fttbusd@forceOrder/dydxusdt@forceOrder/1000xecusdt@forceOrder/galausdt@forceOrder/celousdt@forceOrder/arusdt@forceOrder/klayusdt@forceOrder/arpausdt@forceOrder/ctsiusdt@forceOrder/lptusdt@forceOrder/ensusdt@forceOrder/peopleusdt@forceOrder/antusdt@forceOrder/roseusdt@forceOrder/duskusdt@forceOrder/flowusdt@forceOrder/imxusdt@forceOrder/api3usdt@forceOrder/gmtusdt@forceOrder/apeusdt@forceOrder/woousdt@forceOrder/fttusdt@forceOrder/jasmyusdt@forceOrder/darusdt@forceOrder/galusdt@forceOrder/avaxbusd@forceOrder/nearbusd@forceOrder/gmtbusd@forceOrder/apebusd@forceOrder/galbusd@forceOrder/ftmbusd@forceOrder/dodobusd@forceOrder/ancbusd@forceOrder/galabusd@forceOrder/trxbusd@forceOrder/1000luncbusd@forceOrder/opusdt@forceOrder/dotbusd@forceOrder/tlmbusd@forceOrder/wavesbusd@forceOrder/linkbusd@forceOrder/sandbusd@forceOrder/ltcbusd@forceOrder/maticbusd@forceOrder/cvxbusd@forceOrder/filbusd@forceOrder/1000shibbusd@forceOrder/leverbusd@forceOrder/etcbusd@forceOrder/ldobusd@forceOrder/unibusd@forceOrder/auctionbusd@forceOrder/injusdt@forceOrder/stgusdt@forceOrder/footballusdt@forceOrder/spellusdt@forceOrder/1000luncusdt@forceOrder/luna2usdt@forceOrder/ambbusd@forceOrder/phbbusd@forceOrder/ldousdt@forceOrder/cvxusdt@forceOrder/icpusdt@forceOrder/aptusdt@forceOrder/qntusdt@forceOrder/aptbusd@forceOrder/bluebirdusdt@forceOrder/fetusdt@forceOrder/agixbusd@forceOrder/fxsusdt@forceOrder/hookusdt@forceOrder/magicusdt@forceOrder/tusdt@forceOrder/rndrusdt@forceOrder/highusdt@forceOrder/minausdt@forceOrder/astrusdt@forceOrder/agixusdt@forceOrder/phbusdt@forceOrder/gmxusdt@forceOrder/cfxusdt@forceOrder/stxusdt@forceOrder/cocosusdt@forceOrder/bnxusdt@forceOrder/achusdt@forceOrder/ssvusdt@forceOrder/ckbusdt@forceOrder/perpusdt@forceOrder/truusdt@forceOrder/lqtyusdt@forceOrder/usdcusdt@forceOrder/idusdt@forceOrder/arbusdt@forceOrder/joeusdt@forceOrder/tlmusdt@forceOrder/ambusdt@forceOrder/leverusdt@forceOrder/rdntusdt@forceOrder/hftusdt@forceOrder/xvsusdt@forceOrder/ethbtc@forceOrder/blurusdt@forceOrder/eduusdt@forceOrder/idexusdt@forceOrder/suiusdt@forceOrder/1000pepeusdt@forceOrder/1000flokiusdt@forceOrder/umausdt@forceOrder/radusdt@forceOrder/keyusdt@forceOrder/combousdt@forceOrder/nmrusdt@forceOrder/mavusdt@forceOrder/mdtusdt@forceOrder/xvgusdt@forceOrder/wldusdt@forceOrder/pendleusdt@forceOrder/arkmusdt@forceOrder/agldusdt@forceOrder/yggusdt@forceOrder/dodoxusdt@forceOrder/bntusdt@forceOrder/oxtusdt@forceOrder/seiusdt@forceOrder/btcusdt_231229@forceOrder/ethusdt_231229@forceOrder/cyberusdt@forceOrder/hifiusdt@forceOrder/arkusdt@forceOrder/frontusdt@forceOrder/glmrusdt@forceOrder/bicousdt@forceOrder/btcusdt_240329@forceOrder/ethusdt_240329@forceOrder/straxusdt@forceOrder/loomusdt@forceOrder/bigtimeusdt@forceOrder/bondusdt@forceOrder/orbsusdt@forceOrder/stptusdt@forceOrder/waxpusdt@forceOrder/bsvusdt@forceOrder/rifusdt@forceOrder/polyxusdt@forceOrder/gasusdt@forceOrder/powrusdt@forceOrder/slpusdt@forceOrder/tiausdt@forceOrder/sntusdt@forceOrder/cakeusdt@forceOrder/memeusdt@forceOrder/twtusdt@forceOrder/tokenusdt@forceOrder/ordiusdt@forceOrder/steemusdt@forceOrder/badgerusdt@forceOrder/ilvusdt@forceOrder/ntrnusdt@forceOrder/mblusdt@forceOrder/kasusdt@forceOrder/beamxusdt@forceOrder/!bookTicker']
no close frame received or sent

Traceback (most recent call last):
  File "/home/jaibtdou/Trivix/.env/lib/python3.10/site-packages/websockets/legacy/protocol.py", line 963, in transfer_data
    message = await self.read_message()
  File "/home/jaibtdou/Trivix/.env/lib/python3.10/site-packages/websockets/legacy/protocol.py", line 1033, in read_message
    frame = await self.read_data_frame(max_size=self.max_size)
  File "/home/jaibtdou/Trivix/.env/lib/python3.10/site-packages/websockets/legacy/protocol.py", line 1108, in read_data_frame
    frame = await self.read_frame(max_size)
  File "/home/jaibtdou/Trivix/.env/lib/python3.10/site-packages/websockets/legacy/protocol.py", line 1165, in read_frame
    frame = await Frame.read(
  File "/home/jaibtdou/Trivix/.env/lib/python3.10/site-packages/websockets/legacy/framing.py", line 98, in read
    data = await reader(length)
  File "/usr/lib/python3.10/asyncio/streams.py", line 706, in readexactly
    raise exceptions.IncompleteReadError(incomplete, n)
asyncio.exceptions.IncompleteReadError: 42 bytes read on a total of 127 expected bytes

The above exception was the direct cause of the following exception:

Traceback (most recent call last):
  File "/home/jaibtdou/Trivix/py/wss.py", line 144, in main
    await asyncio.gather(*tasks)
  File "/home/jaibtdou/Trivix/py/wss.py", line 129, in connect_to_websocket
    response = await websocket.recv()
  File "/home/jaibtdou/Trivix/.env/lib/python3.10/site-packages/websockets/legacy/protocol.py", line 568, in recv
    await self.ensure_open()
  File "/home/jaibtdou/Trivix/.env/lib/python3.10/site-packages/websockets/legacy/protocol.py", line 939, in ensure_open
    raise self.connection_closed_exc()
websockets.exceptions.ConnectionClosedError: no close frame received or sent




data transfer failed
Traceback (most recent call last):
  File "/home/jaibtdou/Trivix/.env/lib/python3.10/site-packages/websockets/legacy/protocol.py", line 963, in transfer_data
    message = await self.read_message()
  File "/home/jaibtdou/Trivix/.env/lib/python3.10/site-packages/websockets/legacy/protocol.py", line 1033, in read_message
    frame = await self.read_data_frame(max_size=self.max_size)
  File "/home/jaibtdou/Trivix/.env/lib/python3.10/site-packages/websockets/legacy/protocol.py", line 1108, in read_data_frame
    frame = await self.read_frame(max_size)
  File "/home/jaibtdou/Trivix/.env/lib/python3.10/site-packages/websockets/legacy/protocol.py", line 1165, in read_frame
    frame = await Frame.read(
  File "/home/jaibtdou/Trivix/.env/lib/python3.10/site-packages/websockets/legacy/framing.py", line 98, in read
    data = await reader(length)
  File "/usr/lib/python3.10/asyncio/streams.py", line 716, in readexactly
    self._maybe_resume_transport()
  File "/usr/lib/python3.10/asyncio/streams.py", line 445, in _maybe_resume_transport
    self._transport.resume_reading()
  File "/usr/lib/python3.10/asyncio/sslproto.py", line 343, in resume_reading
    self._ssl_protocol._transport.resume_reading()
AttributeError: 'NoneType' object has no attribute 'resume_reading'
['wss://fstream.binance.com/stream?streams=tcusdt@forceOrder/ethusdt@forceOrder/bchusdt@forceOrder/xrpusdt@forceOrder/eosusdt@forceOrder/ltcusdt@forceOrder/trxusdt@forceOrder/etcusdt@forceOrder/linkusdt@forceOrder/xlmusdt@forceOrder/adausdt@forceOrder/xmrusdt@forceOrder/dashusdt@forceOrder/zecusdt@forceOrder/xtzusdt@forceOrder/bnbusdt@forceOrder/atomusdt@forceOrder/ontusdt@forceOrder/iotausdt@forceOrder/batusdt@forceOrder/vetusdt@forceOrder/neousdt@forceOrder/qtumusdt@forceOrder/iostusdt@forceOrder/thetausdt@forceOrder/algousdt@forceOrder/zilusdt@forceOrder/kncusdt@forceOrder/zrxusdt@forceOrder/compusdt@forceOrder/omgusdt@forceOrder/dogeusdt@forceOrder/sxpusdt@forceOrder/kavausdt@forceOrder/bandusdt@forceOrder/rlcusdt@forceOrder/wavesusdt@forceOrder/mkrusdt@forceOrder/snxusdt@forceOrder/dotusdt@forceOrder/defiusdt@forceOrder/yfiusdt@forceOrder/balusdt@forceOrder/crvusdt@forceOrder/trbusdt@forceOrder/runeusdt@forceOrder/sushiusdt@forceOrder/srmusdt@forceOrder/egldusdt@forceOrder/solusdt@forceOrder/icxusdt@forceOrder/storjusdt@forceOrder/blzusdt@forceOrder/uniusdt@forceOrder/avaxusdt@forceOrder/ftmusdt@forceOrder/hntusdt@forceOrder/enjusdt@forceOrder/flmusdt@forceOrder/tomousdt@forceOrder/renusdt@forceOrder/ksmusdt@forceOrder/nearusdt@forceOrder/aaveusdt@forceOrder/filusdt@forceOrder/rsrusdt@forceOrder/lrcusdt@forceOrder/maticusdt@forceOrder/oceanusdt@forceOrder/cvcusdt@forceOrder/belusdt@forceOrder/ctkusdt@forceOrder/axsusdt@forceOrder/alphausdt@forceOrder/zenusdt@forceOrder/sklusdt@forceOrder/grtusdt@forceOrder/1inchusdt@forceOrder/btcbusd@forceOrder/chzusdt@forceOrder/sandusdt@forceOrder/ankrusdt@forceOrder/btsusdt@forceOrder/litusdt@forceOrder/unfiusdt@forceOrder/reefusdt@forceOrder/rvnusdt@forceOrder/sfpusdt@forceOrder/xemusdt@forceOrder/btcstusdt@forceOrder/cotiusdt@forceOrder/chrusdt@forceOrder/manausdt@forceOrder/aliceusdt@forceOrder/hbarusdt@forceOrder/oneusdt@forceOrder/linausdt@forceOrder/stmxusdt@forceOrder/dentusdt@forceOrder/celrusdt@forceOrder/hotusdt@forceOrder/mtlusdt@forceOrder/ognusdt@forceOrder/nknusdt@forceOrder/scusdt@forceOrder/dgbusdt@forceOrder/1000shibusdt@forceOrder/bakeusdt@forceOrder/gtcusdt@forceOrder/ethbusd@forceOrder/btcdomusdt@forceOrder/bnbbusd@forceOrder/adabusd@forceOrder/xrpbusd@forceOrder/iotxusdt@forceOrder/dogebusd@forceOrder/audiousdt@forceOrder/rayusdt@forceOrder/c98usdt@forceOrder/maskusdt@forceOrder/atausdt@forceOrder/solbusd@forceOrder/fttbusd@forceOrder/dydxusdt@forceOrder/1000xecusdt@forceOrder/galausdt@forceOrder/celousdt@forceOrder/arusdt@forceOrder/klayusdt@forceOrder/arpausdt@forceOrder/ctsiusdt@forceOrder/lptusdt@forceOrder/ensusdt@forceOrder/peopleusdt@forceOrder/antusdt@forceOrder/roseusdt@forceOrder/duskusdt@forceOrder/flowusdt@forceOrder/imxusdt@forceOrder/api3usdt@forceOrder/gmtusdt@forceOrder/apeusdt@forceOrder/woousdt@forceOrder/fttusdt@forceOrder/jasmyusdt@forceOrder/darusdt@forceOrder/galusdt@forceOrder/avaxbusd@forceOrder/nearbusd@forceOrder/gmtbusd@forceOrder/apebusd@forceOrder/galbusd@forceOrder/ftmbusd@forceOrder/dodobusd@forceOrder/ancbusd@forceOrder/galabusd@forceOrder/trxbusd@forceOrder/1000luncbusd@forceOrder/opusdt@forceOrder/dotbusd@forceOrder/tlmbusd@forceOrder/wavesbusd@forceOrder/linkbusd@forceOrder/sandbusd@forceOrder/ltcbusd@forceOrder/maticbusd@forceOrder/cvxbusd@forceOrder/filbusd@forceOrder/1000shibbusd@forceOrder/leverbusd@forceOrder/etcbusd@forceOrder/ldobusd@forceOrder/unibusd@forceOrder/auctionbusd@forceOrder/injusdt@forceOrder/stgusdt@forceOrder/footballusdt@forceOrder/spellusdt@forceOrder/1000luncusdt@forceOrder/luna2usdt@forceOrder/ambbusd@forceOrder/phbbusd@forceOrder/ldousdt@forceOrder/cvxusdt@forceOrder/icpusdt@forceOrder/aptusdt@forceOrder/qntusdt@forceOrder/aptbusd@forceOrder/bluebirdusdt@forceOrder/fetusdt@forceOrder/agixbusd@forceOrder/fxsusdt@forceOrder/hookusdt@forceOrder/magicusdt@forceOrder/tusdt@forceOrder/rndrusdt@forceOrder/highusdt@forceOrder/minausdt@forceOrder/astrusdt@forceOrder/agixusdt@forceOrder/phbusdt@forceOrder/gmxusdt@forceOrder/cfxusdt@forceOrder/stxusdt@forceOrder/cocosusdt@forceOrder/bnxusdt@forceOrder/achusdt@forceOrder/ssvusdt@forceOrder/ckbusdt@forceOrder/perpusdt@forceOrder/truusdt@forceOrder/lqtyusdt@forceOrder/usdcusdt@forceOrder/idusdt@forceOrder/arbusdt@forceOrder/joeusdt@forceOrder/tlmusdt@forceOrder/ambusdt@forceOrder/leverusdt@forceOrder/rdntusdt@forceOrder/hftusdt@forceOrder/xvsusdt@forceOrder/ethbtc@forceOrder/blurusdt@forceOrder/eduusdt@forceOrder/idexusdt@forceOrder/suiusdt@forceOrder/1000pepeusdt@forceOrder/1000flokiusdt@forceOrder/umausdt@forceOrder/radusdt@forceOrder/keyusdt@forceOrder/combousdt@forceOrder/nmrusdt@forceOrder/mavusdt@forceOrder/mdtusdt@forceOrder/xvgusdt@forceOrder/wldusdt@forceOrder/pendleusdt@forceOrder/arkmusdt@forceOrder/agldusdt@forceOrder/yggusdt@forceOrder/dodoxusdt@forceOrder/bntusdt@forceOrder/oxtusdt@forceOrder/seiusdt@forceOrder/btcusdt_231229@forceOrder/ethusdt_231229@forceOrder/cyberusdt@forceOrder/hifiusdt@forceOrder/arkusdt@forceOrder/frontusdt@forceOrder/glmrusdt@forceOrder/bicousdt@forceOrder/btcusdt_240329@forceOrder/ethusdt_240329@forceOrder/straxusdt@forceOrder/loomusdt@forceOrder/bigtimeusdt@forceOrder/bondusdt@forceOrder/orbsusdt@forceOrder/stptusdt@forceOrder/waxpusdt@forceOrder/bsvusdt@forceOrder/rifusdt@forceOrder/polyxusdt@forceOrder/gasusdt@forceOrder/powrusdt@forceOrder/slpusdt@forceOrder/tiausdt@forceOrder/sntusdt@forceOrder/cakeusdt@forceOrder/memeusdt@forceOrder/twtusdt@forceOrder/tokenusdt@forceOrder/ordiusdt@forceOrder/steemusdt@forceOrder/badgerusdt@forceOrder/ilvusdt@forceOrder/ntrnusdt@forceOrder/mblusdt@forceOrder/kasusdt@forceOrder/beamxusdt@forceOrder/1000bonkusdt@forceOrder/pythusdt@forceOrder/!bookTicker']
no close frame received or sent

Traceback (most recent call last):
  File "/home/jaibtdou/Trivix/.env/lib/python3.10/site-packages/websockets/legacy/protocol.py", line 963, in transfer_data
    message = await self.read_message()
  File "/home/jaibtdou/Trivix/.env/lib/python3.10/site-packages/websockets/legacy/protocol.py", line 1033, in read_message
    frame = await self.read_data_frame(max_size=self.max_size)
  File "/home/jaibtdou/Trivix/.env/lib/python3.10/site-packages/websockets/legacy/protocol.py", line 1108, in read_data_frame
    frame = await self.read_frame(max_size)
  File "/home/jaibtdou/Trivix/.env/lib/python3.10/site-packages/websockets/legacy/protocol.py", line 1165, in read_frame
    frame = await Frame.read(
  File "/home/jaibtdou/Trivix/.env/lib/python3.10/site-packages/websockets/legacy/framing.py", line 98, in read
    data = await reader(length)
  File "/usr/lib/python3.10/asyncio/streams.py", line 716, in readexactly
    self._maybe_resume_transport()
  File "/usr/lib/python3.10/asyncio/streams.py", line 445, in _maybe_resume_transport
    self._transport.resume_reading()
  File "/usr/lib/python3.10/asyncio/sslproto.py", line 343, in resume_reading
    self._ssl_protocol._transport.resume_reading()
AttributeError: 'NoneType' object has no attribute 'resume_reading'

The above exception was the direct cause of the following exception:

Traceback (most recent call last):
  File "/home/jaibtdou/Trivix/py/wss.py", line 144, in main
    await asyncio.gather(*tasks)
  File "/home/jaibtdou/Trivix/py/wss.py", line 129, in connect_to_websocket
    response = await websocket.recv()
  File "/home/jaibtdou/Trivix/.env/lib/python3.10/site-packages/websockets/legacy/protocol.py", line 568, in recv
    await self.ensure_open()
  File "/home/jaibtdou/Trivix/.env/lib/python3.10/site-packages/websockets/legacy/protocol.py", line 939, in ensure_open
    raise self.connection_closed_exc()
websockets.exceptions.ConnectionClosedError: no close frame received or sent




['wss://fstream.binance.com/stream?streams=tcusdt@forceOrder/ethusdt@forceOrder/bchusdt@forceOrder/xrpusdt@forceOrder/eosusdt@forceOrder/ltcusdt@forceOrder/trxusdt@forceOrder/etcusdt@forceOrder/linkusdt@forceOrder/xlmusdt@forceOrder/adausdt@forceOrder/xmrusdt@forceOrder/dashusdt@forceOrder/zecusdt@forceOrder/xtzusdt@forceOrder/bnbusdt@forceOrder/atomusdt@forceOrder/ontusdt@forceOrder/iotausdt@forceOrder/batusdt@forceOrder/vetusdt@forceOrder/neousdt@forceOrder/qtumusdt@forceOrder/iostusdt@forceOrder/thetausdt@forceOrder/algousdt@forceOrder/zilusdt@forceOrder/kncusdt@forceOrder/zrxusdt@forceOrder/compusdt@forceOrder/omgusdt@forceOrder/dogeusdt@forceOrder/sxpusdt@forceOrder/kavausdt@forceOrder/bandusdt@forceOrder/rlcusdt@forceOrder/wavesusdt@forceOrder/mkrusdt@forceOrder/snxusdt@forceOrder/dotusdt@forceOrder/defiusdt@forceOrder/yfiusdt@forceOrder/balusdt@forceOrder/crvusdt@forceOrder/trbusdt@forceOrder/runeusdt@forceOrder/sushiusdt@forceOrder/srmusdt@forceOrder/egldusdt@forceOrder/solusdt@forceOrder/icxusdt@forceOrder/storjusdt@forceOrder/blzusdt@forceOrder/uniusdt@forceOrder/avaxusdt@forceOrder/ftmusdt@forceOrder/hntusdt@forceOrder/enjusdt@forceOrder/flmusdt@forceOrder/tomousdt@forceOrder/renusdt@forceOrder/ksmusdt@forceOrder/nearusdt@forceOrder/aaveusdt@forceOrder/filusdt@forceOrder/rsrusdt@forceOrder/lrcusdt@forceOrder/maticusdt@forceOrder/oceanusdt@forceOrder/cvcusdt@forceOrder/belusdt@forceOrder/ctkusdt@forceOrder/axsusdt@forceOrder/alphausdt@forceOrder/zenusdt@forceOrder/sklusdt@forceOrder/grtusdt@forceOrder/1inchusdt@forceOrder/btcbusd@forceOrder/chzusdt@forceOrder/sandusdt@forceOrder/ankrusdt@forceOrder/btsusdt@forceOrder/litusdt@forceOrder/unfiusdt@forceOrder/reefusdt@forceOrder/rvnusdt@forceOrder/sfpusdt@forceOrder/xemusdt@forceOrder/btcstusdt@forceOrder/cotiusdt@forceOrder/chrusdt@forceOrder/manausdt@forceOrder/aliceusdt@forceOrder/hbarusdt@forceOrder/oneusdt@forceOrder/linausdt@forceOrder/stmxusdt@forceOrder/dentusdt@forceOrder/celrusdt@forceOrder/hotusdt@forceOrder/mtlusdt@forceOrder/ognusdt@forceOrder/nknusdt@forceOrder/scusdt@forceOrder/dgbusdt@forceOrder/1000shibusdt@forceOrder/bakeusdt@forceOrder/gtcusdt@forceOrder/ethbusd@forceOrder/btcdomusdt@forceOrder/bnbbusd@forceOrder/adabusd@forceOrder/xrpbusd@forceOrder/iotxusdt@forceOrder/dogebusd@forceOrder/audiousdt@forceOrder/rayusdt@forceOrder/c98usdt@forceOrder/maskusdt@forceOrder/atausdt@forceOrder/solbusd@forceOrder/fttbusd@forceOrder/dydxusdt@forceOrder/1000xecusdt@forceOrder/galausdt@forceOrder/celousdt@forceOrder/arusdt@forceOrder/klayusdt@forceOrder/arpausdt@forceOrder/ctsiusdt@forceOrder/lptusdt@forceOrder/ensusdt@forceOrder/peopleusdt@forceOrder/antusdt@forceOrder/roseusdt@forceOrder/duskusdt@forceOrder/flowusdt@forceOrder/imxusdt@forceOrder/api3usdt@forceOrder/gmtusdt@forceOrder/apeusdt@forceOrder/woousdt@forceOrder/fttusdt@forceOrder/jasmyusdt@forceOrder/darusdt@forceOrder/galusdt@forceOrder/avaxbusd@forceOrder/nearbusd@forceOrder/gmtbusd@forceOrder/apebusd@forceOrder/galbusd@forceOrder/ftmbusd@forceOrder/dodobusd@forceOrder/ancbusd@forceOrder/galabusd@forceOrder/trxbusd@forceOrder/1000luncbusd@forceOrder/opusdt@forceOrder/dotbusd@forceOrder/tlmbusd@forceOrder/wavesbusd@forceOrder/linkbusd@forceOrder/sandbusd@forceOrder/ltcbusd@forceOrder/maticbusd@forceOrder/cvxbusd@forceOrder/filbusd@forceOrder/1000shibbusd@forceOrder/leverbusd@forceOrder/etcbusd@forceOrder/ldobusd@forceOrder/unibusd@forceOrder/auctionbusd@forceOrder/injusdt@forceOrder/stgusdt@forceOrder/footballusdt@forceOrder/spellusdt@forceOrder/1000luncusdt@forceOrder/luna2usdt@forceOrder/ambbusd@forceOrder/phbbusd@forceOrder/ldousdt@forceOrder/cvxusdt@forceOrder/icpusdt@forceOrder/aptusdt@forceOrder/qntusdt@forceOrder/aptbusd@forceOrder/bluebirdusdt@forceOrder/fetusdt@forceOrder/agixbusd@forceOrder/fxsusdt@forceOrder/hookusdt@forceOrder/magicusdt@forceOrder/tusdt@forceOrder/rndrusdt@forceOrder/highusdt@forceOrder/minausdt@forceOrder/astrusdt@forceOrder/agixusdt@forceOrder/phbusdt@forceOrder/gmxusdt@forceOrder/cfxusdt@forceOrder/stxusdt@forceOrder/cocosusdt@forceOrder/bnxusdt@forceOrder/achusdt@forceOrder/ssvusdt@forceOrder/ckbusdt@forceOrder/perpusdt@forceOrder/truusdt@forceOrder/lqtyusdt@forceOrder/usdcusdt@forceOrder/idusdt@forceOrder/arbusdt@forceOrder/joeusdt@forceOrder/tlmusdt@forceOrder/ambusdt@forceOrder/leverusdt@forceOrder/rdntusdt@forceOrder/hftusdt@forceOrder/xvsusdt@forceOrder/ethbtc@forceOrder/blurusdt@forceOrder/eduusdt@forceOrder/idexusdt@forceOrder/suiusdt@forceOrder/1000pepeusdt@forceOrder/1000flokiusdt@forceOrder/umausdt@forceOrder/radusdt@forceOrder/keyusdt@forceOrder/combousdt@forceOrder/nmrusdt@forceOrder/mavusdt@forceOrder/mdtusdt@forceOrder/xvgusdt@forceOrder/wldusdt@forceOrder/pendleusdt@forceOrder/arkmusdt@forceOrder/agldusdt@forceOrder/yggusdt@forceOrder/dodoxusdt@forceOrder/bntusdt@forceOrder/oxtusdt@forceOrder/seiusdt@forceOrder/btcusdt_231229@forceOrder/ethusdt_231229@forceOrder/cyberusdt@forceOrder/hifiusdt@forceOrder/arkusdt@forceOrder/frontusdt@forceOrder/glmrusdt@forceOrder/bicousdt@forceOrder/btcusdt_240329@forceOrder/ethusdt_240329@forceOrder/straxusdt@forceOrder/loomusdt@forceOrder/bigtimeusdt@forceOrder/bondusdt@forceOrder/orbsusdt@forceOrder/stptusdt@forceOrder/waxpusdt@forceOrder/bsvusdt@forceOrder/rifusdt@forceOrder/polyxusdt@forceOrder/gasusdt@forceOrder/powrusdt@forceOrder/slpusdt@forceOrder/tiausdt@forceOrder/sntusdt@forceOrder/cakeusdt@forceOrder/memeusdt@forceOrder/twtusdt@forceOrder/tokenusdt@forceOrder/ordiusdt@forceOrder/steemusdt@forceOrder/badgerusdt@forceOrder/ilvusdt@forceOrder/ntrnusdt@forceOrder/mblusdt@forceOrder/kasusdt@forceOrder/beamxusdt@forceOrder/1000bonkusdt@forceOrder/pythusdt@forceOrder/!bookTicker']
no close frame received or sent

Traceback (most recent call last):
  File "/home/jaibtdou/Trivix/.env/lib/python3.10/site-packages/websockets/legacy/protocol.py", line 963, in transfer_data
    message = await self.read_message()
  File "/home/jaibtdou/Trivix/.env/lib/python3.10/site-packages/websockets/legacy/protocol.py", line 1033, in read_message
    frame = await self.read_data_frame(max_size=self.max_size)
  File "/home/jaibtdou/Trivix/.env/lib/python3.10/site-packages/websockets/legacy/protocol.py", line 1108, in read_data_frame
    frame = await self.read_frame(max_size)
  File "/home/jaibtdou/Trivix/.env/lib/python3.10/site-packages/websockets/legacy/protocol.py", line 1165, in read_frame
    frame = await Frame.read(
  File "/home/jaibtdou/Trivix/.env/lib/python3.10/site-packages/websockets/legacy/framing.py", line 68, in read
    data = await reader(2)
  File "/usr/lib/python3.10/asyncio/streams.py", line 706, in readexactly
    raise exceptions.IncompleteReadError(incomplete, n)
asyncio.exceptions.IncompleteReadError: 0 bytes read on a total of 2 expected bytes

The above exception was the direct cause of the following exception:

Traceback (most recent call last):
  File "/home/jaibtdou/Trivix/py/wss.py", line 144, in main
    await asyncio.gather(*tasks)
  File "/home/jaibtdou/Trivix/py/wss.py", line 129, in connect_to_websocket
    response = await websocket.recv()
  File "/home/jaibtdou/Trivix/.env/lib/python3.10/site-packages/websockets/legacy/protocol.py", line 568, in recv
    await self.ensure_open()
  File "/home/jaibtdou/Trivix/.env/lib/python3.10/site-packages/websockets/legacy/protocol.py", line 939, in ensure_open
    raise self.connection_closed_exc()
websockets.exceptions.ConnectionClosedError: no close frame received or sent




